{
  "C:/Users/acer/Desktop/react-rss-app/src/store/hooks.tsx": {
    "path": "C:/Users/acer/Desktop/react-rss-app/src/store/hooks.tsx",
    "statementMap": {
      "0": {
        "start": {
          "line": 4,
          "column": 0
        },
        "end": {
          "line": 14,
          "column": 1
        }
      },
      "1": {
        "start": {
          "line": 5,
          "column": 2
        },
        "end": {
          "line": 7,
          "column": 3
        }
      },
      "2": {
        "start": {
          "line": 6,
          "column": 4
        },
        "end": {
          "line": 6,
          "column": 165
        }
      },
      "3": {
        "start": {
          "line": 8,
          "column": 2
        },
        "end": {
          "line": 8,
          "column": 39
        }
      },
      "4": {
        "start": {
          "line": 9,
          "column": 2
        },
        "end": {
          "line": 9,
          "column": 39
        }
      },
      "5": {
        "start": {
          "line": 10,
          "column": 2
        },
        "end": {
          "line": 12,
          "column": 4
        }
      },
      "6": {
        "start": {
          "line": 11,
          "column": 4
        },
        "end": {
          "line": 11,
          "column": 99
        }
      },
      "7": {
        "start": {
          "line": 13,
          "column": 2
        },
        "end": {
          "line": 13,
          "column": 75
        }
      },
      "8": {
        "start": {
          "line": 15,
          "column": 9
        },
        "end": {
          "line": 15,
          "column": 23
        }
      },
      "9": {
        "start": {
          "line": 17,
          "column": 30
        },
        "end": {
          "line": 20,
          "column": 1
        }
      },
      "10": {
        "start": {
          "line": 18,
          "column": 2
        },
        "end": {
          "line": 18,
          "column": 7
        }
      },
      "11": {
        "start": {
          "line": 19,
          "column": 2
        },
        "end": {
          "line": 19,
          "column": 23
        }
      },
      "12": {
        "start": {
          "line": 21,
          "column": 0
        },
        "end": {
          "line": 23,
          "column": 3
        }
      },
      "13": {
        "start": {
          "line": 22,
          "column": 2
        },
        "end": {
          "line": 22,
          "column": 23
        }
      },
      "14": {
        "start": {
          "line": 24,
          "column": 30
        },
        "end": {
          "line": 24,
          "column": 41
        }
      },
      "15": {
        "start": {
          "line": 25,
          "column": 0
        },
        "end": {
          "line": 41,
          "column": 1
        }
      },
      "16": {
        "start": {
          "line": 26,
          "column": 2
        },
        "end": {
          "line": 26,
          "column": 39
        }
      },
      "17": {
        "start": {
          "line": 27,
          "column": 2
        },
        "end": {
          "line": 27,
          "column": 39
        }
      },
      "18": {
        "start": {
          "line": 28,
          "column": 2
        },
        "end": {
          "line": 40,
          "column": 5
        }
      },
      "19": {
        "start": {
          "line": 32,
          "column": 4
        },
        "end": {
          "line": 32,
          "column": 125
        }
      },
      "20": {
        "start": {
          "line": 33,
          "column": 4
        },
        "end": {
          "line": 39,
          "column": 7
        }
      },
      "21": {
        "start": {
          "line": 34,
          "column": 6
        },
        "end": {
          "line": 35,
          "column": 15
        }
      },
      "22": {
        "start": {
          "line": 35,
          "column": 8
        },
        "end": {
          "line": 35,
          "column": 15
        }
      },
      "23": {
        "start": {
          "line": 36,
          "column": 32
        },
        "end": {
          "line": 36,
          "column": 115
        }
      },
      "24": {
        "start": {
          "line": 37,
          "column": 6
        },
        "end": {
          "line": 38,
          "column": 54
        }
      },
      "25": {
        "start": {
          "line": 38,
          "column": 8
        },
        "end": {
          "line": 38,
          "column": 54
        }
      }
    },
    "fnMap": {
      "0": {
        "name": "(anonymous_0)",
        "decl": {
          "start": {
            "line": 10,
            "column": 24
          },
          "end": {
            "line": 10,
            "column": 25
          }
        },
        "loc": {
          "start": {
            "line": 10,
            "column": 38
          },
          "end": {
            "line": 12,
            "column": 3
          }
        },
        "line": 10
      },
      "1": {
        "name": "(anonymous_1)",
        "decl": {
          "start": {
            "line": 17,
            "column": 30
          },
          "end": {
            "line": 17,
            "column": 31
          }
        },
        "loc": {
          "start": {
            "line": 17,
            "column": 36
          },
          "end": {
            "line": 20,
            "column": 1
          }
        },
        "line": 17
      },
      "2": {
        "name": "(anonymous_2)",
        "decl": {
          "start": {
            "line": 21,
            "column": 58
          },
          "end": {
            "line": 21,
            "column": 59
          }
        },
        "loc": {
          "start": {
            "line": 21,
            "column": 69
          },
          "end": {
            "line": 23,
            "column": 1
          }
        },
        "line": 21
      },
      "3": {
        "name": "(anonymous_3)",
        "decl": {
          "start": {
            "line": 31,
            "column": 9
          },
          "end": {
            "line": 31,
            "column": 10
          }
        },
        "loc": {
          "start": {
            "line": 31,
            "column": 29
          },
          "end": {
            "line": 40,
            "column": 3
          }
        },
        "line": 31
      },
      "4": {
        "name": "(anonymous_4)",
        "decl": {
          "start": {
            "line": 33,
            "column": 27
          },
          "end": {
            "line": 33,
            "column": 28
          }
        },
        "loc": {
          "start": {
            "line": 33,
            "column": 44
          },
          "end": {
            "line": 39,
            "column": 5
          }
        },
        "line": 33
      }
    },
    "branchMap": {
      "0": {
        "loc": {
          "start": {
            "line": 4,
            "column": 0
          },
          "end": {
            "line": 14,
            "column": 1
          }
        },
        "type": "if",
        "locations": [
          {
            "start": {
              "line": 4,
              "column": 0
            },
            "end": {
              "line": 14,
              "column": 1
            }
          },
          {
            "start": {},
            "end": {}
          }
        ],
        "line": 4
      },
      "1": {
        "loc": {
          "start": {
            "line": 5,
            "column": 2
          },
          "end": {
            "line": 7,
            "column": 3
          }
        },
        "type": "if",
        "locations": [
          {
            "start": {
              "line": 5,
              "column": 2
            },
            "end": {
              "line": 7,
              "column": 3
            }
          },
          {
            "start": {},
            "end": {}
          }
        ],
        "line": 5
      },
      "2": {
        "loc": {
          "start": {
            "line": 25,
            "column": 0
          },
          "end": {
            "line": 41,
            "column": 1
          }
        },
        "type": "if",
        "locations": [
          {
            "start": {
              "line": 25,
              "column": 0
            },
            "end": {
              "line": 41,
              "column": 1
            }
          },
          {
            "start": {},
            "end": {}
          }
        ],
        "line": 25
      },
      "3": {
        "loc": {
          "start": {
            "line": 34,
            "column": 6
          },
          "end": {
            "line": 35,
            "column": 15
          }
        },
        "type": "if",
        "locations": [
          {
            "start": {
              "line": 34,
              "column": 6
            },
            "end": {
              "line": 35,
              "column": 15
            }
          },
          {
            "start": {},
            "end": {}
          }
        ],
        "line": 34
      },
      "4": {
        "loc": {
          "start": {
            "line": 37,
            "column": 6
          },
          "end": {
            "line": 38,
            "column": 54
          }
        },
        "type": "if",
        "locations": [
          {
            "start": {
              "line": 37,
              "column": 6
            },
            "end": {
              "line": 38,
              "column": 54
            }
          },
          {
            "start": {},
            "end": {}
          }
        ],
        "line": 37
      }
    },
    "s": {
      "0": 120,
      "1": 120,
      "2": 0,
      "3": 120,
      "4": 120,
      "5": 120,
      "6": 0,
      "7": 120,
      "8": 120,
      "9": 120,
      "10": 1310,
      "11": 1310,
      "12": 120,
      "13": 103,
      "14": 120,
      "15": 120,
      "16": 120,
      "17": 120,
      "18": 120,
      "19": 103,
      "20": 103,
      "21": 0,
      "22": 0,
      "23": 0,
      "24": 0,
      "25": 0
    },
    "f": {
      "0": 0,
      "1": 1310,
      "2": 103,
      "3": 103,
      "4": 0
    },
    "b": {
      "0": [
        120,
        0
      ],
      "1": [
        0,
        120
      ],
      "2": [
        120,
        0
      ],
      "3": [
        0,
        0
      ],
      "4": [
        0,
        0
      ]
    },
    "inputSourceMap": {
      "version": 3,
      "mappings": ";;;;;;;;;;;;;;;AAAA,SAASA,aAAaC,mBAAyC;AAGxD,aAAMC,iBAAiBA,MAAA;AAAAC,KAAA;AAAA,SAAMH,YAAyB;AAAC;AAACG,GAAlDD,gBAAc;AAAA,UAASF,WAAW;AAAA;AACxC,aAAMI,iBAAkDH",
      "names": [
        "useDispatch",
        "useSelector",
        "useAppDispatch",
        "_s",
        "useAppSelector"
      ],
      "sources": [
        "C:/Users/acer/Desktop/react-rss-app/src/store/hooks.tsx"
      ],
      "file": "C:/Users/acer/Desktop/react-rss-app/src/store/hooks.tsx"
    },
    "_coverageSchema": "1a1c01bbd47fc00a2c39e90264f33305004495a9",
    "hash": "774fd60ba0508f2abf65112b18cd741f77f5312d"
  },
  "C:/Users/acer/Desktop/react-rss-app/src/components/Search.tsx": {
    "path": "C:/Users/acer/Desktop/react-rss-app/src/components/Search.tsx",
    "statementMap": {
      "0": {
        "start": {
          "line": 5,
          "column": 0
        },
        "end": {
          "line": 15,
          "column": 1
        }
      },
      "1": {
        "start": {
          "line": 6,
          "column": 2
        },
        "end": {
          "line": 8,
          "column": 3
        }
      },
      "2": {
        "start": {
          "line": 7,
          "column": 4
        },
        "end": {
          "line": 7,
          "column": 165
        }
      },
      "3": {
        "start": {
          "line": 9,
          "column": 2
        },
        "end": {
          "line": 9,
          "column": 39
        }
      },
      "4": {
        "start": {
          "line": 10,
          "column": 2
        },
        "end": {
          "line": 10,
          "column": 39
        }
      },
      "5": {
        "start": {
          "line": 11,
          "column": 2
        },
        "end": {
          "line": 13,
          "column": 4
        }
      },
      "6": {
        "start": {
          "line": 12,
          "column": 4
        },
        "end": {
          "line": 12,
          "column": 105
        }
      },
      "7": {
        "start": {
          "line": 14,
          "column": 2
        },
        "end": {
          "line": 14,
          "column": 75
        }
      },
      "8": {
        "start": {
          "line": 16,
          "column": 9
        },
        "end": {
          "line": 16,
          "column": 23
        }
      },
      "9": {
        "start": {
          "line": 19,
          "column": 15
        },
        "end": {
          "line": 38,
          "column": 1
        }
      },
      "10": {
        "start": {
          "line": 20,
          "column": 2
        },
        "end": {
          "line": 20,
          "column": 7
        }
      },
      "11": {
        "start": {
          "line": 21,
          "column": 17
        },
        "end": {
          "line": 21,
          "column": 68
        }
      },
      "12": {
        "start": {
          "line": 21,
          "column": 43
        },
        "end": {
          "line": 21,
          "column": 67
        }
      },
      "13": {
        "start": {
          "line": 22,
          "column": 2
        },
        "end": {
          "line": 37,
          "column": 11
        }
      },
      "14": {
        "start": {
          "line": 39,
          "column": 0
        },
        "end": {
          "line": 41,
          "column": 3
        }
      },
      "15": {
        "start": {
          "line": 40,
          "column": 2
        },
        "end": {
          "line": 40,
          "column": 26
        }
      },
      "16": {
        "start": {
          "line": 42,
          "column": 0
        },
        "end": {
          "line": 42,
          "column": 12
        }
      },
      "17": {
        "start": {
          "line": 45,
          "column": 0
        },
        "end": {
          "line": 45,
          "column": 27
        }
      },
      "18": {
        "start": {
          "line": 46,
          "column": 0
        },
        "end": {
          "line": 62,
          "column": 1
        }
      },
      "19": {
        "start": {
          "line": 47,
          "column": 2
        },
        "end": {
          "line": 47,
          "column": 39
        }
      },
      "20": {
        "start": {
          "line": 48,
          "column": 2
        },
        "end": {
          "line": 48,
          "column": 39
        }
      },
      "21": {
        "start": {
          "line": 49,
          "column": 2
        },
        "end": {
          "line": 61,
          "column": 5
        }
      },
      "22": {
        "start": {
          "line": 53,
          "column": 4
        },
        "end": {
          "line": 53,
          "column": 131
        }
      },
      "23": {
        "start": {
          "line": 54,
          "column": 4
        },
        "end": {
          "line": 60,
          "column": 7
        }
      },
      "24": {
        "start": {
          "line": 55,
          "column": 6
        },
        "end": {
          "line": 56,
          "column": 15
        }
      },
      "25": {
        "start": {
          "line": 56,
          "column": 8
        },
        "end": {
          "line": 56,
          "column": 15
        }
      },
      "26": {
        "start": {
          "line": 57,
          "column": 32
        },
        "end": {
          "line": 57,
          "column": 115
        }
      },
      "27": {
        "start": {
          "line": 58,
          "column": 6
        },
        "end": {
          "line": 59,
          "column": 54
        }
      },
      "28": {
        "start": {
          "line": 59,
          "column": 8
        },
        "end": {
          "line": 59,
          "column": 54
        }
      }
    },
    "fnMap": {
      "0": {
        "name": "(anonymous_0)",
        "decl": {
          "start": {
            "line": 11,
            "column": 24
          },
          "end": {
            "line": 11,
            "column": 25
          }
        },
        "loc": {
          "start": {
            "line": 11,
            "column": 38
          },
          "end": {
            "line": 13,
            "column": 3
          }
        },
        "line": 11
      },
      "1": {
        "name": "(anonymous_1)",
        "decl": {
          "start": {
            "line": 19,
            "column": 15
          },
          "end": {
            "line": 19,
            "column": 16
          }
        },
        "loc": {
          "start": {
            "line": 19,
            "column": 26
          },
          "end": {
            "line": 38,
            "column": 1
          }
        },
        "line": 19
      },
      "2": {
        "name": "(anonymous_2)",
        "decl": {
          "start": {
            "line": 21,
            "column": 32
          },
          "end": {
            "line": 21,
            "column": 33
          }
        },
        "loc": {
          "start": {
            "line": 21,
            "column": 43
          },
          "end": {
            "line": 21,
            "column": 67
          }
        },
        "line": 21
      },
      "3": {
        "name": "(anonymous_3)",
        "decl": {
          "start": {
            "line": 39,
            "column": 50
          },
          "end": {
            "line": 39,
            "column": 51
          }
        },
        "loc": {
          "start": {
            "line": 39,
            "column": 61
          },
          "end": {
            "line": 41,
            "column": 1
          }
        },
        "line": 39
      },
      "4": {
        "name": "(anonymous_4)",
        "decl": {
          "start": {
            "line": 52,
            "column": 9
          },
          "end": {
            "line": 52,
            "column": 10
          }
        },
        "loc": {
          "start": {
            "line": 52,
            "column": 29
          },
          "end": {
            "line": 61,
            "column": 3
          }
        },
        "line": 52
      },
      "5": {
        "name": "(anonymous_5)",
        "decl": {
          "start": {
            "line": 54,
            "column": 27
          },
          "end": {
            "line": 54,
            "column": 28
          }
        },
        "loc": {
          "start": {
            "line": 54,
            "column": 44
          },
          "end": {
            "line": 60,
            "column": 5
          }
        },
        "line": 54
      }
    },
    "branchMap": {
      "0": {
        "loc": {
          "start": {
            "line": 5,
            "column": 0
          },
          "end": {
            "line": 15,
            "column": 1
          }
        },
        "type": "if",
        "locations": [
          {
            "start": {
              "line": 5,
              "column": 0
            },
            "end": {
              "line": 15,
              "column": 1
            }
          },
          {
            "start": {},
            "end": {}
          }
        ],
        "line": 5
      },
      "1": {
        "loc": {
          "start": {
            "line": 6,
            "column": 2
          },
          "end": {
            "line": 8,
            "column": 3
          }
        },
        "type": "if",
        "locations": [
          {
            "start": {
              "line": 6,
              "column": 2
            },
            "end": {
              "line": 8,
              "column": 3
            }
          },
          {
            "start": {},
            "end": {}
          }
        ],
        "line": 6
      },
      "2": {
        "loc": {
          "start": {
            "line": 46,
            "column": 0
          },
          "end": {
            "line": 62,
            "column": 1
          }
        },
        "type": "if",
        "locations": [
          {
            "start": {
              "line": 46,
              "column": 0
            },
            "end": {
              "line": 62,
              "column": 1
            }
          },
          {
            "start": {},
            "end": {}
          }
        ],
        "line": 46
      },
      "3": {
        "loc": {
          "start": {
            "line": 55,
            "column": 6
          },
          "end": {
            "line": 56,
            "column": 15
          }
        },
        "type": "if",
        "locations": [
          {
            "start": {
              "line": 55,
              "column": 6
            },
            "end": {
              "line": 56,
              "column": 15
            }
          },
          {
            "start": {},
            "end": {}
          }
        ],
        "line": 55
      },
      "4": {
        "loc": {
          "start": {
            "line": 58,
            "column": 6
          },
          "end": {
            "line": 59,
            "column": 54
          }
        },
        "type": "if",
        "locations": [
          {
            "start": {
              "line": 58,
              "column": 6
            },
            "end": {
              "line": 59,
              "column": 54
            }
          },
          {
            "start": {},
            "end": {}
          }
        ],
        "line": 58
      }
    },
    "s": {
      "0": 120,
      "1": 120,
      "2": 0,
      "3": 120,
      "4": 120,
      "5": 120,
      "6": 120,
      "7": 120,
      "8": 120,
      "9": 120,
      "10": 1276,
      "11": 1276,
      "12": 2223,
      "13": 1276,
      "14": 120,
      "15": 103,
      "16": 120,
      "17": 120,
      "18": 120,
      "19": 120,
      "20": 120,
      "21": 120,
      "22": 101,
      "23": 101,
      "24": 0,
      "25": 0,
      "26": 0,
      "27": 0,
      "28": 0
    },
    "f": {
      "0": 120,
      "1": 1276,
      "2": 2223,
      "3": 103,
      "4": 101,
      "5": 0
    },
    "b": {
      "0": [
        120,
        0
      ],
      "1": [
        0,
        120
      ],
      "2": [
        120,
        0
      ],
      "3": [
        0,
        0
      ],
      "4": [
        0,
        0
      ]
    },
    "inputSourceMap": {
      "version": 3,
      "mappings": "AASM;;;;;;;;;;;;;;;;AATN,OAAO;AACP,SAASA,sBAAsB;AAG/B,MAAMC,SAASA,CAACC,UAAuB;AAAAC,KAAA;AACrC,QAAMC,SAASJ,eAAgBK,WAAUA,MAAMD,OAAOE,WAAW;AAEjE,SACE,uBAAC,SAAI,WAAU,cACb;AAAA,2BAAC,WAAM,SAAQ,YAAf;AAAA;AAAA;AAAA;AAAA,WAAwB;AAAA,IACxB,uBAAC,WACC,IAAG,UACH,MAAK,UACL,OAAOF,QACP,UAAUF,MAAMK,UAChB,aAAY,sBALd;AAAA;AAAA;AAAA;AAAA,WAKgC;AAAA,OAPlC;AAAA;AAAA;AAAA;AAAA,SASA;AAEJ;AAAEJ,GAfIF,QAAM;AAAA,UACKD,cAAc;AAAA;AAAAQ,KADzBP;AAiBN,eAAeA;AAAO,IAAAO;AAAAC,aAAAD,IAAA",
      "names": [
        "useAppSelector",
        "Search",
        "props",
        "_s",
        "search",
        "state",
        "searchQuery",
        "onChange",
        "_c",
        "$RefreshReg$"
      ],
      "sources": [
        "C:/Users/acer/Desktop/react-rss-app/src/components/Search.tsx"
      ],
      "file": "C:/Users/acer/Desktop/react-rss-app/src/components/Search.tsx"
    },
    "_coverageSchema": "1a1c01bbd47fc00a2c39e90264f33305004495a9",
    "hash": "c8f698a892be4ae5ac236b3e91f59f55ed37a796"
  },
  "C:/Users/acer/Desktop/react-rss-app/src/components/Loader.tsx": {
    "path": "C:/Users/acer/Desktop/react-rss-app/src/components/Loader.tsx",
    "statementMap": {
      "0": {
        "start": {
          "line": 5,
          "column": 0
        },
        "end": {
          "line": 15,
          "column": 1
        }
      },
      "1": {
        "start": {
          "line": 6,
          "column": 2
        },
        "end": {
          "line": 8,
          "column": 3
        }
      },
      "2": {
        "start": {
          "line": 7,
          "column": 4
        },
        "end": {
          "line": 7,
          "column": 165
        }
      },
      "3": {
        "start": {
          "line": 9,
          "column": 2
        },
        "end": {
          "line": 9,
          "column": 39
        }
      },
      "4": {
        "start": {
          "line": 10,
          "column": 2
        },
        "end": {
          "line": 10,
          "column": 39
        }
      },
      "5": {
        "start": {
          "line": 11,
          "column": 2
        },
        "end": {
          "line": 13,
          "column": 4
        }
      },
      "6": {
        "start": {
          "line": 12,
          "column": 4
        },
        "end": {
          "line": 12,
          "column": 105
        }
      },
      "7": {
        "start": {
          "line": 14,
          "column": 2
        },
        "end": {
          "line": 14,
          "column": 75
        }
      },
      "8": {
        "start": {
          "line": 17,
          "column": 15
        },
        "end": {
          "line": 23,
          "column": 1
        }
      },
      "9": {
        "start": {
          "line": 18,
          "column": 2
        },
        "end": {
          "line": 22,
          "column": 11
        }
      },
      "10": {
        "start": {
          "line": 24,
          "column": 0
        },
        "end": {
          "line": 24,
          "column": 12
        }
      },
      "11": {
        "start": {
          "line": 27,
          "column": 0
        },
        "end": {
          "line": 27,
          "column": 27
        }
      },
      "12": {
        "start": {
          "line": 28,
          "column": 0
        },
        "end": {
          "line": 44,
          "column": 1
        }
      },
      "13": {
        "start": {
          "line": 29,
          "column": 2
        },
        "end": {
          "line": 29,
          "column": 39
        }
      },
      "14": {
        "start": {
          "line": 30,
          "column": 2
        },
        "end": {
          "line": 30,
          "column": 39
        }
      },
      "15": {
        "start": {
          "line": 31,
          "column": 2
        },
        "end": {
          "line": 43,
          "column": 5
        }
      },
      "16": {
        "start": {
          "line": 35,
          "column": 4
        },
        "end": {
          "line": 35,
          "column": 131
        }
      },
      "17": {
        "start": {
          "line": 36,
          "column": 4
        },
        "end": {
          "line": 42,
          "column": 7
        }
      },
      "18": {
        "start": {
          "line": 37,
          "column": 6
        },
        "end": {
          "line": 38,
          "column": 15
        }
      },
      "19": {
        "start": {
          "line": 38,
          "column": 8
        },
        "end": {
          "line": 38,
          "column": 15
        }
      },
      "20": {
        "start": {
          "line": 39,
          "column": 32
        },
        "end": {
          "line": 39,
          "column": 115
        }
      },
      "21": {
        "start": {
          "line": 40,
          "column": 6
        },
        "end": {
          "line": 41,
          "column": 54
        }
      },
      "22": {
        "start": {
          "line": 41,
          "column": 8
        },
        "end": {
          "line": 41,
          "column": 54
        }
      }
    },
    "fnMap": {
      "0": {
        "name": "(anonymous_0)",
        "decl": {
          "start": {
            "line": 11,
            "column": 24
          },
          "end": {
            "line": 11,
            "column": 25
          }
        },
        "loc": {
          "start": {
            "line": 11,
            "column": 38
          },
          "end": {
            "line": 13,
            "column": 3
          }
        },
        "line": 11
      },
      "1": {
        "name": "(anonymous_1)",
        "decl": {
          "start": {
            "line": 17,
            "column": 15
          },
          "end": {
            "line": 17,
            "column": 16
          }
        },
        "loc": {
          "start": {
            "line": 17,
            "column": 21
          },
          "end": {
            "line": 23,
            "column": 1
          }
        },
        "line": 17
      },
      "2": {
        "name": "(anonymous_2)",
        "decl": {
          "start": {
            "line": 34,
            "column": 9
          },
          "end": {
            "line": 34,
            "column": 10
          }
        },
        "loc": {
          "start": {
            "line": 34,
            "column": 29
          },
          "end": {
            "line": 43,
            "column": 3
          }
        },
        "line": 34
      },
      "3": {
        "name": "(anonymous_3)",
        "decl": {
          "start": {
            "line": 36,
            "column": 27
          },
          "end": {
            "line": 36,
            "column": 28
          }
        },
        "loc": {
          "start": {
            "line": 36,
            "column": 44
          },
          "end": {
            "line": 42,
            "column": 5
          }
        },
        "line": 36
      }
    },
    "branchMap": {
      "0": {
        "loc": {
          "start": {
            "line": 5,
            "column": 0
          },
          "end": {
            "line": 15,
            "column": 1
          }
        },
        "type": "if",
        "locations": [
          {
            "start": {
              "line": 5,
              "column": 0
            },
            "end": {
              "line": 15,
              "column": 1
            }
          },
          {
            "start": {},
            "end": {}
          }
        ],
        "line": 5
      },
      "1": {
        "loc": {
          "start": {
            "line": 6,
            "column": 2
          },
          "end": {
            "line": 8,
            "column": 3
          }
        },
        "type": "if",
        "locations": [
          {
            "start": {
              "line": 6,
              "column": 2
            },
            "end": {
              "line": 8,
              "column": 3
            }
          },
          {
            "start": {},
            "end": {}
          }
        ],
        "line": 6
      },
      "2": {
        "loc": {
          "start": {
            "line": 28,
            "column": 0
          },
          "end": {
            "line": 44,
            "column": 1
          }
        },
        "type": "if",
        "locations": [
          {
            "start": {
              "line": 28,
              "column": 0
            },
            "end": {
              "line": 44,
              "column": 1
            }
          },
          {
            "start": {},
            "end": {}
          }
        ],
        "line": 28
      },
      "3": {
        "loc": {
          "start": {
            "line": 37,
            "column": 6
          },
          "end": {
            "line": 38,
            "column": 15
          }
        },
        "type": "if",
        "locations": [
          {
            "start": {
              "line": 37,
              "column": 6
            },
            "end": {
              "line": 38,
              "column": 15
            }
          },
          {
            "start": {},
            "end": {}
          }
        ],
        "line": 37
      },
      "4": {
        "loc": {
          "start": {
            "line": 40,
            "column": 6
          },
          "end": {
            "line": 41,
            "column": 54
          }
        },
        "type": "if",
        "locations": [
          {
            "start": {
              "line": 40,
              "column": 6
            },
            "end": {
              "line": 41,
              "column": 54
            }
          },
          {
            "start": {},
            "end": {}
          }
        ],
        "line": 40
      }
    },
    "s": {
      "0": 120,
      "1": 120,
      "2": 0,
      "3": 120,
      "4": 120,
      "5": 120,
      "6": 120,
      "7": 120,
      "8": 120,
      "9": 356,
      "10": 120,
      "11": 120,
      "12": 120,
      "13": 120,
      "14": 120,
      "15": 120,
      "16": 101,
      "17": 101,
      "18": 0,
      "19": 0,
      "20": 0,
      "21": 0,
      "22": 0
    },
    "f": {
      "0": 120,
      "1": 356,
      "2": 101,
      "3": 0
    },
    "b": {
      "0": [
        120,
        0
      ],
      "1": [
        0,
        120
      ],
      "2": [
        120,
        0
      ],
      "3": [
        0,
        0
      ],
      "4": [
        0,
        0
      ]
    },
    "inputSourceMap": {
      "version": 3,
      "mappings": "AAIS;AAJT,OAAOA,oBAAkB;AAAA;AAAA;AAAA;AAAA;AAAA;AAAA;AAAA;AAAA;AAAA;AAAA;AAAA;AAAA;AAAA;AACzB,OAAO;AAEP,MAAMC,SAASA,MAAM;AACnB,SAAO,uBAAC,SAAI,WAAU,YAAf;AAAA;AAAA;AAAA;AAAA,SAAwB;AACjC;AAAEC,KAFID;AAIN,eAAeA;AAAO,IAAAC;AAAAC,aAAAD,IAAA",
      "names": [
        "React",
        "Loader",
        "_c",
        "$RefreshReg$"
      ],
      "sources": [
        "C:/Users/acer/Desktop/react-rss-app/src/components/Loader.tsx"
      ],
      "file": "C:/Users/acer/Desktop/react-rss-app/src/components/Loader.tsx"
    },
    "_coverageSchema": "1a1c01bbd47fc00a2c39e90264f33305004495a9",
    "hash": "6db601b2932c3f8252524187ada459fbc23a035d"
  },
  "C:/Users/acer/Desktop/react-rss-app/src/components/Pagination.tsx": {
    "path": "C:/Users/acer/Desktop/react-rss-app/src/components/Pagination.tsx",
    "statementMap": {
      "0": {
        "start": {
          "line": 5,
          "column": 0
        },
        "end": {
          "line": 15,
          "column": 1
        }
      },
      "1": {
        "start": {
          "line": 6,
          "column": 2
        },
        "end": {
          "line": 8,
          "column": 3
        }
      },
      "2": {
        "start": {
          "line": 7,
          "column": 4
        },
        "end": {
          "line": 7,
          "column": 165
        }
      },
      "3": {
        "start": {
          "line": 9,
          "column": 2
        },
        "end": {
          "line": 9,
          "column": 39
        }
      },
      "4": {
        "start": {
          "line": 10,
          "column": 2
        },
        "end": {
          "line": 10,
          "column": 39
        }
      },
      "5": {
        "start": {
          "line": 11,
          "column": 2
        },
        "end": {
          "line": 13,
          "column": 4
        }
      },
      "6": {
        "start": {
          "line": 12,
          "column": 4
        },
        "end": {
          "line": 12,
          "column": 109
        }
      },
      "7": {
        "start": {
          "line": 14,
          "column": 2
        },
        "end": {
          "line": 14,
          "column": 75
        }
      },
      "8": {
        "start": {
          "line": 16,
          "column": 9
        },
        "end": {
          "line": 16,
          "column": 23
        }
      },
      "9": {
        "start": {
          "line": 19,
          "column": 19
        },
        "end": {
          "line": 68,
          "column": 1
        }
      },
      "10": {
        "start": {
          "line": 20,
          "column": 2
        },
        "end": {
          "line": 20,
          "column": 7
        }
      },
      "11": {
        "start": {
          "line": 23,
          "column": 6
        },
        "end": {
          "line": 23,
          "column": 11
        }
      },
      "12": {
        "start": {
          "line": 29,
          "column": 6
        },
        "end": {
          "line": 29,
          "column": 44
        }
      },
      "13": {
        "start": {
          "line": 29,
          "column": 32
        },
        "end": {
          "line": 29,
          "column": 43
        }
      },
      "14": {
        "start": {
          "line": 30,
          "column": 15
        },
        "end": {
          "line": 30,
          "column": 74
        }
      },
      "15": {
        "start": {
          "line": 31,
          "column": 2
        },
        "end": {
          "line": 67,
          "column": 11
        }
      },
      "16": {
        "start": {
          "line": 69,
          "column": 0
        },
        "end": {
          "line": 71,
          "column": 3
        }
      },
      "17": {
        "start": {
          "line": 70,
          "column": 2
        },
        "end": {
          "line": 70,
          "column": 26
        }
      },
      "18": {
        "start": {
          "line": 72,
          "column": 0
        },
        "end": {
          "line": 72,
          "column": 16
        }
      },
      "19": {
        "start": {
          "line": 75,
          "column": 0
        },
        "end": {
          "line": 75,
          "column": 31
        }
      },
      "20": {
        "start": {
          "line": 76,
          "column": 0
        },
        "end": {
          "line": 92,
          "column": 1
        }
      },
      "21": {
        "start": {
          "line": 77,
          "column": 2
        },
        "end": {
          "line": 77,
          "column": 39
        }
      },
      "22": {
        "start": {
          "line": 78,
          "column": 2
        },
        "end": {
          "line": 78,
          "column": 39
        }
      },
      "23": {
        "start": {
          "line": 79,
          "column": 2
        },
        "end": {
          "line": 91,
          "column": 5
        }
      },
      "24": {
        "start": {
          "line": 83,
          "column": 4
        },
        "end": {
          "line": 83,
          "column": 135
        }
      },
      "25": {
        "start": {
          "line": 84,
          "column": 4
        },
        "end": {
          "line": 90,
          "column": 7
        }
      },
      "26": {
        "start": {
          "line": 85,
          "column": 6
        },
        "end": {
          "line": 86,
          "column": 15
        }
      },
      "27": {
        "start": {
          "line": 86,
          "column": 8
        },
        "end": {
          "line": 86,
          "column": 15
        }
      },
      "28": {
        "start": {
          "line": 87,
          "column": 32
        },
        "end": {
          "line": 87,
          "column": 115
        }
      },
      "29": {
        "start": {
          "line": 88,
          "column": 6
        },
        "end": {
          "line": 89,
          "column": 54
        }
      },
      "30": {
        "start": {
          "line": 89,
          "column": 8
        },
        "end": {
          "line": 89,
          "column": 54
        }
      }
    },
    "fnMap": {
      "0": {
        "name": "(anonymous_0)",
        "decl": {
          "start": {
            "line": 11,
            "column": 24
          },
          "end": {
            "line": 11,
            "column": 25
          }
        },
        "loc": {
          "start": {
            "line": 11,
            "column": 38
          },
          "end": {
            "line": 13,
            "column": 3
          }
        },
        "line": 11
      },
      "1": {
        "name": "(anonymous_1)",
        "decl": {
          "start": {
            "line": 19,
            "column": 19
          },
          "end": {
            "line": 19,
            "column": 20
          }
        },
        "loc": {
          "start": {
            "line": 19,
            "column": 30
          },
          "end": {
            "line": 68,
            "column": 1
          }
        },
        "line": 19
      },
      "2": {
        "name": "(anonymous_2)",
        "decl": {
          "start": {
            "line": 29,
            "column": 21
          },
          "end": {
            "line": 29,
            "column": 22
          }
        },
        "loc": {
          "start": {
            "line": 29,
            "column": 32
          },
          "end": {
            "line": 29,
            "column": 43
          }
        },
        "line": 29
      },
      "3": {
        "name": "(anonymous_3)",
        "decl": {
          "start": {
            "line": 69,
            "column": 54
          },
          "end": {
            "line": 69,
            "column": 55
          }
        },
        "loc": {
          "start": {
            "line": 69,
            "column": 65
          },
          "end": {
            "line": 71,
            "column": 1
          }
        },
        "line": 69
      },
      "4": {
        "name": "(anonymous_4)",
        "decl": {
          "start": {
            "line": 82,
            "column": 9
          },
          "end": {
            "line": 82,
            "column": 10
          }
        },
        "loc": {
          "start": {
            "line": 82,
            "column": 29
          },
          "end": {
            "line": 91,
            "column": 3
          }
        },
        "line": 82
      },
      "5": {
        "name": "(anonymous_5)",
        "decl": {
          "start": {
            "line": 84,
            "column": 27
          },
          "end": {
            "line": 84,
            "column": 28
          }
        },
        "loc": {
          "start": {
            "line": 84,
            "column": 44
          },
          "end": {
            "line": 90,
            "column": 5
          }
        },
        "line": 84
      }
    },
    "branchMap": {
      "0": {
        "loc": {
          "start": {
            "line": 5,
            "column": 0
          },
          "end": {
            "line": 15,
            "column": 1
          }
        },
        "type": "if",
        "locations": [
          {
            "start": {
              "line": 5,
              "column": 0
            },
            "end": {
              "line": 15,
              "column": 1
            }
          },
          {
            "start": {},
            "end": {}
          }
        ],
        "line": 5
      },
      "1": {
        "loc": {
          "start": {
            "line": 6,
            "column": 2
          },
          "end": {
            "line": 8,
            "column": 3
          }
        },
        "type": "if",
        "locations": [
          {
            "start": {
              "line": 6,
              "column": 2
            },
            "end": {
              "line": 8,
              "column": 3
            }
          },
          {
            "start": {},
            "end": {}
          }
        ],
        "line": 6
      },
      "2": {
        "loc": {
          "start": {
            "line": 30,
            "column": 15
          },
          "end": {
            "line": 30,
            "column": 74
          }
        },
        "type": "cond-expr",
        "locations": [
          {
            "start": {
              "line": 30,
              "column": 37
            },
            "end": {
              "line": 30,
              "column": 42
            }
          },
          {
            "start": {
              "line": 30,
              "column": 45
            },
            "end": {
              "line": 30,
              "column": 74
            }
          }
        ],
        "line": 30
      },
      "3": {
        "loc": {
          "start": {
            "line": 76,
            "column": 0
          },
          "end": {
            "line": 92,
            "column": 1
          }
        },
        "type": "if",
        "locations": [
          {
            "start": {
              "line": 76,
              "column": 0
            },
            "end": {
              "line": 92,
              "column": 1
            }
          },
          {
            "start": {},
            "end": {}
          }
        ],
        "line": 76
      },
      "4": {
        "loc": {
          "start": {
            "line": 85,
            "column": 6
          },
          "end": {
            "line": 86,
            "column": 15
          }
        },
        "type": "if",
        "locations": [
          {
            "start": {
              "line": 85,
              "column": 6
            },
            "end": {
              "line": 86,
              "column": 15
            }
          },
          {
            "start": {},
            "end": {}
          }
        ],
        "line": 85
      },
      "5": {
        "loc": {
          "start": {
            "line": 88,
            "column": 6
          },
          "end": {
            "line": 89,
            "column": 54
          }
        },
        "type": "if",
        "locations": [
          {
            "start": {
              "line": 88,
              "column": 6
            },
            "end": {
              "line": 89,
              "column": 54
            }
          },
          {
            "start": {},
            "end": {}
          }
        ],
        "line": 88
      }
    },
    "s": {
      "0": 120,
      "1": 120,
      "2": 0,
      "3": 120,
      "4": 120,
      "5": 120,
      "6": 120,
      "7": 120,
      "8": 120,
      "9": 120,
      "10": 834,
      "11": 834,
      "12": 834,
      "13": 1227,
      "14": 834,
      "15": 834,
      "16": 120,
      "17": 84,
      "18": 120,
      "19": 120,
      "20": 120,
      "21": 120,
      "22": 120,
      "23": 120,
      "24": 101,
      "25": 101,
      "26": 0,
      "27": 0,
      "28": 0,
      "29": 0,
      "30": 0
    },
    "f": {
      "0": 120,
      "1": 834,
      "2": 1227,
      "3": 84,
      "4": 101,
      "5": 0
    },
    "b": {
      "0": [
        120,
        0
      ],
      "1": [
        0,
        120
      ],
      "2": [
        834,
        0
      ],
      "3": [
        120,
        0
      ],
      "4": [
        0,
        0
      ],
      "5": [
        0,
        0
      ]
    },
    "inputSourceMap": {
      "version": 3,
      "mappings": "AAcU;;;;;;;;;;;;;;;;AAbV,OAAO;AAEP,SAASA,sBAAsB;AAE/B,MAAMC,aAAaA,CAACC,UAA2B;AAAAC,KAAA;AAC7C,QAAM;AAAA,IAAEC;AAAAA,EAAQ,IAAIF;AACpB,QAAM;AAAA,IAAEG;AAAAA,IAAOC;AAAAA,IAAOC;AAAAA,IAAcC;AAAAA,EAAY,IAAIR,eAAgBS,WAAUA,MAAMC,KAAK;AACzF,QAAMC,OAAOJ,iBAAiB,KAAKF,QAAQO,KAAKC,KAAKC,OAAOR,KAAK,IAAI,EAAE;AAEvE,SACE,uBAAC,SAAI,WAAU,cACb,iCAAC,QAAG,WAAU,mBACZ;AAAA,2BAAC,QACC,iCAAC,YACC,WAAU,kBACV,SACA,UAAUE,eAAe,GACzB,aAAU,QAET,kBANH;AAAA;AAAA;AAAA;AAAA,WAOA,KARF;AAAA;AAAA;AAAA;AAAA,WASA;AAAA,IACA,uBAAC,QACC,iCAAC,YAAO,WAAU,kBAAiB,SAC/B,aAAEA,iBAAiBG,UADvB;AAAA;AAAA;AAAA;AAAA,WAEA,KAHF;AAAA;AAAA;AAAA;AAAA,WAIA;AAAA,IACA,uBAAC,QACC,iCAAC,YACC,WAAU,kBACV,SACA,UAAUH,eAAeG,MACzB,aAAU,QAET,kBANH;AAAA;AAAA;AAAA;AAAA,WAOA,KARF;AAAA;AAAA;AAAA;AAAA,WASA;AAAA,OAzBF;AAAA;AAAA;AAAA;AAAA,SA0BA,KA3BF;AAAA;AAAA;AAAA;AAAA,SA4BA;AAEJ;AAAER,GApCIF,YAAU;AAAA,UAEsCD,cAAc;AAAA;AAAAe,KAF9Dd;AAsCN,eAAeA;AAAW,IAAAc;AAAAC,aAAAD,IAAA",
      "names": [
        "useAppSelector",
        "Pagination",
        "props",
        "_s",
        "onClick",
        "pages",
        "count",
        "cardsPerRage",
        "currentPage",
        "state",
        "cards",
        "last",
        "Math",
        "ceil",
        "Number",
        "_c",
        "$RefreshReg$"
      ],
      "sources": [
        "C:/Users/acer/Desktop/react-rss-app/src/components/Pagination.tsx"
      ],
      "file": "C:/Users/acer/Desktop/react-rss-app/src/components/Pagination.tsx"
    },
    "_coverageSchema": "1a1c01bbd47fc00a2c39e90264f33305004495a9",
    "hash": "6523da1e5bbfd4f0c3c4e22607c7f3719ab78c85"
  },
  "C:/Users/acer/Desktop/react-rss-app/src/helpers/constants.tsx": {
    "path": "C:/Users/acer/Desktop/react-rss-app/src/helpers/constants.tsx",
    "statementMap": {
      "0": {
        "start": {
          "line": 1,
          "column": 19
        },
        "end": {
          "line": 1,
          "column": 63
        }
      },
      "1": {
        "start": {
          "line": 2,
          "column": 28
        },
        "end": {
          "line": 2,
          "column": 35
        }
      },
      "2": {
        "start": {
          "line": 3,
          "column": 20
        },
        "end": {
          "line": 3,
          "column": 27
        }
      },
      "3": {
        "start": {
          "line": 4,
          "column": 30
        },
        "end": {
          "line": 4,
          "column": 35
        }
      },
      "4": {
        "start": {
          "line": 5,
          "column": 26
        },
        "end": {
          "line": 45,
          "column": 1
        }
      },
      "5": {
        "start": {
          "line": 46,
          "column": 27
        },
        "end": {
          "line": 69,
          "column": 1
        }
      },
      "6": {
        "start": {
          "line": 70,
          "column": 30
        },
        "end": {
          "line": 78,
          "column": 1
        }
      }
    },
    "fnMap": {
      "0": {
        "name": "(anonymous_0)",
        "decl": {
          "start": {
            "line": 67,
            "column": 11
          },
          "end": {
            "line": 67,
            "column": 12
          }
        },
        "loc": {
          "start": {
            "line": 67,
            "column": 17
          },
          "end": {
            "line": 68,
            "column": 3
          }
        },
        "line": 67
      }
    },
    "branchMap": {},
    "s": {
      "0": 120,
      "1": 120,
      "2": 120,
      "3": 120,
      "4": 120,
      "5": 120,
      "6": 120
    },
    "f": {
      "0": 0
    },
    "b": {},
    "inputSourceMap": {
      "version": 3,
      "mappings": "AAEO,aAAMA,MAAM;AAEZ,aAAMC,eAAe;AACrB,aAAMC,OAAO;AAEb,aAAMC,iBAAiB;AACvB,aAAMC,aAAa;AAAA,EACxBC,WAAW,CACT;AAAA,IACEC,IAAI;AAAA,IACJC,MAAM;AAAA,IACNC,QAAQ;AAAA,IACRC,SAAS;AAAA,IACTC,MAAM;AAAA,IACNC,QAAQ;AAAA,IACRC,QAAQ;AAAA,MACNL,MAAM;AAAA,MACNM,KAAK;AAAA,IACP;AAAA,IACAC,UAAU;AAAA,MACRP,MAAM;AAAA,MACNM,KAAK;AAAA,IACP;AAAA,IACAE,OAAO;AAAA,IACPC,SAAS,CACP,6CACA,2CAA2C;AAAA,IAE7CH,KAAK;AAAA,IACLI,SAAS;AAAA,EACX,GACA;AAAA,IACEX,IAAI;AAAA,IACJC,MAAM;AAAA,IACNC,QAAQ;AAAA,IACRC,SAAS;AAAA,IACTC,MAAM;AAAA,IACNC,QAAQ;AAAA,IACRC,QAAQ;AAAA,MACNL,MAAM;AAAA,MACNM,KAAK;AAAA,IACP;AAAA,IACAC,UAAU;AAAA,MACRP,MAAM;AAAA,MACNM,KAAK;AAAA,IACP;AAAA,IACAE,OAAO;AAAA,IACPC,SAAS,CACP,6CACA,2CAA2C;AAAA,IAE7CH,KAAK;AAAA,IACLI,SAAS;AAAA,EACX,CAAC;AAEL;AAEO,aAAMC,cAAyB;AAAA,EACpCC,MAAM;AAAA,IACJb,IAAI;AAAA,IACJC,MAAM;AAAA,IACNC,QAAQ;AAAA,IACRC,SAAS;AAAA,IACTC,MAAM;AAAA,IACNC,QAAQ;AAAA,IACRC,QAAQ;AAAA,MACNL,MAAM;AAAA,MACNM,KAAK;AAAA,IACP;AAAA,IACAC,UAAU;AAAA,MACRP,MAAM;AAAA,MACNM,KAAK;AAAA,IACP;AAAA,IACAE,OAAO;AAAA,IACPC,SAAS,CACP,6CACA,2CAA2C;AAAA,IAE7CH,KAAK;AAAA,IACLI,SAAS;AAAA,EACX;AAAA,EACAG,SAASA,MAAM;AAAA,EAAC;AAClB;AAEO,aAAMC,iBAAiB;AAAA,EAC5BC,MAAM;AAAA,IACJC,OAAO;AAAA,IACPC,OAAO;AAAA,IACPC,MAAM;AAAA,IACNC,MAAM;AAAA,EACR;AAAA,EACAC,SAAS;AACX",
      "names": [
        "URL",
        "SEARCH_PARAM",
        "PAGE",
        "MAX_IMAGE_SIZE",
        "cardsProps",
        "cardsList",
        "id",
        "name",
        "status",
        "species",
        "type",
        "gender",
        "origin",
        "url",
        "location",
        "image",
        "episode",
        "created",
        "exampleCard",
        "card",
        "onClick",
        "serverResponse",
        "info",
        "count",
        "pages",
        "next",
        "prev",
        "results"
      ],
      "sources": [
        "C:/Users/acer/Desktop/react-rss-app/src/helpers/constants.tsx"
      ],
      "file": "C:/Users/acer/Desktop/react-rss-app/src/helpers/constants.tsx"
    },
    "_coverageSchema": "1a1c01bbd47fc00a2c39e90264f33305004495a9",
    "hash": "6bd4d724f5d023252407ad889a9d85ace70fb671"
  },
  "C:/Users/acer/Desktop/react-rss-app/src/store/cardsSlice.tsx": {
    "path": "C:/Users/acer/Desktop/react-rss-app/src/store/cardsSlice.tsx",
    "statementMap": {
      "0": {
        "start": {
          "line": 4,
          "column": 4
        },
        "end": {
          "line": 4,
          "column": 36
        }
      },
      "1": {
        "start": {
          "line": 7,
          "column": 4
        },
        "end": {
          "line": 7,
          "column": 36
        }
      },
      "2": {
        "start": {
          "line": 9,
          "column": 21
        },
        "end": {
          "line": 17,
          "column": 1
        }
      },
      "3": {
        "start": {
          "line": 18,
          "column": 26
        },
        "end": {
          "line": 38,
          "column": 2
        }
      },
      "4": {
        "start": {
          "line": 22,
          "column": 23
        },
        "end": {
          "line": 22,
          "column": 52
        }
      },
      "5": {
        "start": {
          "line": 23,
          "column": 22
        },
        "end": {
          "line": 23,
          "column": 50
        }
      },
      "6": {
        "start": {
          "line": 24,
          "column": 22
        },
        "end": {
          "line": 24,
          "column": 51
        }
      },
      "7": {
        "start": {
          "line": 26,
          "column": 2
        },
        "end": {
          "line": 27,
          "column": 36
        }
      },
      "8": {
        "start": {
          "line": 27,
          "column": 4
        },
        "end": {
          "line": 27,
          "column": 36
        }
      },
      "9": {
        "start": {
          "line": 28,
          "column": 2
        },
        "end": {
          "line": 29,
          "column": 40
        }
      },
      "10": {
        "start": {
          "line": 29,
          "column": 4
        },
        "end": {
          "line": 29,
          "column": 40
        }
      },
      "11": {
        "start": {
          "line": 30,
          "column": 2
        },
        "end": {
          "line": 31,
          "column": 46
        }
      },
      "12": {
        "start": {
          "line": 31,
          "column": 4
        },
        "end": {
          "line": 31,
          "column": 46
        }
      },
      "13": {
        "start": {
          "line": 32,
          "column": 14
        },
        "end": {
          "line": 32,
          "column": 85
        }
      },
      "14": {
        "start": {
          "line": 33,
          "column": 2
        },
        "end": {
          "line": 35,
          "column": 3
        }
      },
      "15": {
        "start": {
          "line": 34,
          "column": 4
        },
        "end": {
          "line": 34,
          "column": 44
        }
      },
      "16": {
        "start": {
          "line": 36,
          "column": 15
        },
        "end": {
          "line": 36,
          "column": 31
        }
      },
      "17": {
        "start": {
          "line": 37,
          "column": 2
        },
        "end": {
          "line": 37,
          "column": 14
        }
      },
      "18": {
        "start": {
          "line": 39,
          "column": 19
        },
        "end": {
          "line": 79,
          "column": 2
        }
      },
      "19": {
        "start": {
          "line": 44,
          "column": 6
        },
        "end": {
          "line": 44,
          "column": 35
        }
      },
      "20": {
        "start": {
          "line": 47,
          "column": 6
        },
        "end": {
          "line": 47,
          "column": 35
        }
      },
      "21": {
        "start": {
          "line": 50,
          "column": 6
        },
        "end": {
          "line": 50,
          "column": 42
        }
      },
      "22": {
        "start": {
          "line": 53,
          "column": 6
        },
        "end": {
          "line": 53,
          "column": 41
        }
      },
      "23": {
        "start": {
          "line": 57,
          "column": 4
        },
        "end": {
          "line": 77,
          "column": 7
        }
      },
      "24": {
        "start": {
          "line": 58,
          "column": 6
        },
        "end": {
          "line": 58,
          "column": 27
        }
      },
      "25": {
        "start": {
          "line": 59,
          "column": 6
        },
        "end": {
          "line": 59,
          "column": 25
        }
      },
      "26": {
        "start": {
          "line": 61,
          "column": 6
        },
        "end": {
          "line": 61,
          "column": 28
        }
      },
      "27": {
        "start": {
          "line": 62,
          "column": 6
        },
        "end": {
          "line": 65,
          "column": 7
        }
      },
      "28": {
        "start": {
          "line": 63,
          "column": 8
        },
        "end": {
          "line": 63,
          "column": 48
        }
      },
      "29": {
        "start": {
          "line": 64,
          "column": 8
        },
        "end": {
          "line": 64,
          "column": 48
        }
      },
      "30": {
        "start": {
          "line": 66,
          "column": 6
        },
        "end": {
          "line": 68,
          "column": 7
        }
      },
      "31": {
        "start": {
          "line": 67,
          "column": 8
        },
        "end": {
          "line": 67,
          "column": 29
        }
      },
      "32": {
        "start": {
          "line": 69,
          "column": 6
        },
        "end": {
          "line": 72,
          "column": 7
        }
      },
      "33": {
        "start": {
          "line": 70,
          "column": 23
        },
        "end": {
          "line": 70,
          "column": 183
        }
      },
      "34": {
        "start": {
          "line": 71,
          "column": 8
        },
        "end": {
          "line": 71,
          "column": 33
        }
      },
      "35": {
        "start": {
          "line": 74,
          "column": 6
        },
        "end": {
          "line": 74,
          "column": 28
        }
      },
      "36": {
        "start": {
          "line": 75,
          "column": 6
        },
        "end": {
          "line": 75,
          "column": 35
        }
      },
      "37": {
        "start": {
          "line": 76,
          "column": 6
        },
        "end": {
          "line": 76,
          "column": 27
        }
      },
      "38": {
        "start": {
          "line": 85,
          "column": 4
        },
        "end": {
          "line": 85,
          "column": 22
        }
      }
    },
    "fnMap": {
      "0": {
        "name": "(anonymous_0)",
        "decl": {
          "start": {
            "line": 18,
            "column": 63
          },
          "end": {
            "line": 18,
            "column": 64
          }
        },
        "loc": {
          "start": {
            "line": 21,
            "column": 3
          },
          "end": {
            "line": 38,
            "column": 1
          }
        },
        "line": 21
      },
      "1": {
        "name": "(anonymous_1)",
        "decl": {
          "start": {
            "line": 43,
            "column": 4
          },
          "end": {
            "line": 43,
            "column": 5
          }
        },
        "loc": {
          "start": {
            "line": 43,
            "column": 27
          },
          "end": {
            "line": 45,
            "column": 5
          }
        },
        "line": 43
      },
      "2": {
        "name": "(anonymous_2)",
        "decl": {
          "start": {
            "line": 46,
            "column": 4
          },
          "end": {
            "line": 46,
            "column": 5
          }
        },
        "loc": {
          "start": {
            "line": 46,
            "column": 28
          },
          "end": {
            "line": 48,
            "column": 5
          }
        },
        "line": 46
      },
      "3": {
        "name": "(anonymous_3)",
        "decl": {
          "start": {
            "line": 49,
            "column": 4
          },
          "end": {
            "line": 49,
            "column": 5
          }
        },
        "loc": {
          "start": {
            "line": 49,
            "column": 38
          },
          "end": {
            "line": 51,
            "column": 5
          }
        },
        "line": 49
      },
      "4": {
        "name": "(anonymous_4)",
        "decl": {
          "start": {
            "line": 52,
            "column": 4
          },
          "end": {
            "line": 52,
            "column": 5
          }
        },
        "loc": {
          "start": {
            "line": 52,
            "column": 34
          },
          "end": {
            "line": 54,
            "column": 5
          }
        },
        "line": 52
      },
      "5": {
        "name": "(anonymous_5)",
        "decl": {
          "start": {
            "line": 56,
            "column": 17
          },
          "end": {
            "line": 56,
            "column": 18
          }
        },
        "loc": {
          "start": {
            "line": 56,
            "column": 30
          },
          "end": {
            "line": 78,
            "column": 3
          }
        },
        "line": 56
      },
      "6": {
        "name": "(anonymous_6)",
        "decl": {
          "start": {
            "line": 57,
            "column": 40
          },
          "end": {
            "line": 57,
            "column": 41
          }
        },
        "loc": {
          "start": {
            "line": 57,
            "column": 51
          },
          "end": {
            "line": 60,
            "column": 5
          }
        },
        "line": 57
      },
      "7": {
        "name": "(anonymous_7)",
        "decl": {
          "start": {
            "line": 60,
            "column": 37
          },
          "end": {
            "line": 60,
            "column": 38
          }
        },
        "loc": {
          "start": {
            "line": 60,
            "column": 56
          },
          "end": {
            "line": 73,
            "column": 5
          }
        },
        "line": 60
      },
      "8": {
        "name": "(anonymous_8)",
        "decl": {
          "start": {
            "line": 73,
            "column": 36
          },
          "end": {
            "line": 73,
            "column": 37
          }
        },
        "loc": {
          "start": {
            "line": 73,
            "column": 55
          },
          "end": {
            "line": 77,
            "column": 5
          }
        },
        "line": 73
      }
    },
    "branchMap": {
      "0": {
        "loc": {
          "start": {
            "line": 4,
            "column": 4
          },
          "end": {
            "line": 4,
            "column": 36
          }
        },
        "type": "binary-expr",
        "locations": [
          {
            "start": {
              "line": 4,
              "column": 4
            },
            "end": {
              "line": 4,
              "column": 22
            }
          },
          {
            "start": {
              "line": 4,
              "column": 26
            },
            "end": {
              "line": 4,
              "column": 36
            }
          }
        ],
        "line": 4
      },
      "1": {
        "loc": {
          "start": {
            "line": 7,
            "column": 4
          },
          "end": {
            "line": 7,
            "column": 36
          }
        },
        "type": "binary-expr",
        "locations": [
          {
            "start": {
              "line": 7,
              "column": 4
            },
            "end": {
              "line": 7,
              "column": 22
            }
          },
          {
            "start": {
              "line": 7,
              "column": 26
            },
            "end": {
              "line": 7,
              "column": 36
            }
          }
        ],
        "line": 7
      },
      "2": {
        "loc": {
          "start": {
            "line": 26,
            "column": 2
          },
          "end": {
            "line": 27,
            "column": 36
          }
        },
        "type": "if",
        "locations": [
          {
            "start": {
              "line": 26,
              "column": 2
            },
            "end": {
              "line": 27,
              "column": 36
            }
          },
          {
            "start": {},
            "end": {}
          }
        ],
        "line": 26
      },
      "3": {
        "loc": {
          "start": {
            "line": 28,
            "column": 2
          },
          "end": {
            "line": 29,
            "column": 40
          }
        },
        "type": "if",
        "locations": [
          {
            "start": {
              "line": 28,
              "column": 2
            },
            "end": {
              "line": 29,
              "column": 40
            }
          },
          {
            "start": {},
            "end": {}
          }
        ],
        "line": 28
      },
      "4": {
        "loc": {
          "start": {
            "line": 28,
            "column": 6
          },
          "end": {
            "line": 28,
            "column": 58
          }
        },
        "type": "binary-expr",
        "locations": [
          {
            "start": {
              "line": 28,
              "column": 6
            },
            "end": {
              "line": 28,
              "column": 25
            }
          },
          {
            "start": {
              "line": 28,
              "column": 29
            },
            "end": {
              "line": 28,
              "column": 58
            }
          }
        ],
        "line": 28
      },
      "5": {
        "loc": {
          "start": {
            "line": 30,
            "column": 2
          },
          "end": {
            "line": 31,
            "column": 46
          }
        },
        "type": "if",
        "locations": [
          {
            "start": {
              "line": 30,
              "column": 2
            },
            "end": {
              "line": 31,
              "column": 46
            }
          },
          {
            "start": {},
            "end": {}
          }
        ],
        "line": 30
      },
      "6": {
        "loc": {
          "start": {
            "line": 30,
            "column": 6
          },
          "end": {
            "line": 30,
            "column": 58
          }
        },
        "type": "binary-expr",
        "locations": [
          {
            "start": {
              "line": 30,
              "column": 6
            },
            "end": {
              "line": 30,
              "column": 25
            }
          },
          {
            "start": {
              "line": 30,
              "column": 29
            },
            "end": {
              "line": 30,
              "column": 58
            }
          }
        ],
        "line": 30
      },
      "7": {
        "loc": {
          "start": {
            "line": 33,
            "column": 2
          },
          "end": {
            "line": 35,
            "column": 3
          }
        },
        "type": "if",
        "locations": [
          {
            "start": {
              "line": 33,
              "column": 2
            },
            "end": {
              "line": 35,
              "column": 3
            }
          },
          {
            "start": {},
            "end": {}
          }
        ],
        "line": 33
      },
      "8": {
        "loc": {
          "start": {
            "line": 62,
            "column": 6
          },
          "end": {
            "line": 65,
            "column": 7
          }
        },
        "type": "if",
        "locations": [
          {
            "start": {
              "line": 62,
              "column": 6
            },
            "end": {
              "line": 65,
              "column": 7
            }
          },
          {
            "start": {},
            "end": {}
          }
        ],
        "line": 62
      },
      "9": {
        "loc": {
          "start": {
            "line": 66,
            "column": 6
          },
          "end": {
            "line": 68,
            "column": 7
          }
        },
        "type": "if",
        "locations": [
          {
            "start": {
              "line": 66,
              "column": 6
            },
            "end": {
              "line": 68,
              "column": 7
            }
          },
          {
            "start": {},
            "end": {}
          }
        ],
        "line": 66
      },
      "10": {
        "loc": {
          "start": {
            "line": 69,
            "column": 6
          },
          "end": {
            "line": 72,
            "column": 7
          }
        },
        "type": "if",
        "locations": [
          {
            "start": {
              "line": 69,
              "column": 6
            },
            "end": {
              "line": 72,
              "column": 7
            }
          },
          {
            "start": {},
            "end": {}
          }
        ],
        "line": 69
      },
      "11": {
        "loc": {
          "start": {
            "line": 70,
            "column": 23
          },
          "end": {
            "line": 70,
            "column": 183
          }
        },
        "type": "cond-expr",
        "locations": [
          {
            "start": {
              "line": 70,
              "column": 51
            },
            "end": {
              "line": 70,
              "column": 78
            }
          },
          {
            "start": {
              "line": 70,
              "column": 81
            },
            "end": {
              "line": 70,
              "column": 183
            }
          }
        ],
        "line": 70
      },
      "12": {
        "loc": {
          "start": {
            "line": 70,
            "column": 81
          },
          "end": {
            "line": 70,
            "column": 183
          }
        },
        "type": "cond-expr",
        "locations": [
          {
            "start": {
              "line": 70,
              "column": 113
            },
            "end": {
              "line": 70,
              "column": 145
            }
          },
          {
            "start": {
              "line": 70,
              "column": 148
            },
            "end": {
              "line": 70,
              "column": 183
            }
          }
        ],
        "line": 70
      }
    },
    "s": {
      "0": 120,
      "1": 120,
      "2": 120,
      "3": 120,
      "4": 487,
      "5": 487,
      "6": 487,
      "7": 487,
      "8": 487,
      "9": 487,
      "10": 0,
      "11": 487,
      "12": 0,
      "13": 487,
      "14": 339,
      "15": 0,
      "16": 339,
      "17": 332,
      "18": 120,
      "19": 0,
      "20": 0,
      "21": 0,
      "22": 75,
      "23": 120,
      "24": 487,
      "25": 487,
      "26": 332,
      "27": 332,
      "28": 332,
      "29": 332,
      "30": 332,
      "31": 0,
      "32": 332,
      "33": 332,
      "34": 332,
      "35": 0,
      "36": 0,
      "37": 0,
      "38": 120
    },
    "f": {
      "0": 487,
      "1": 0,
      "2": 0,
      "3": 0,
      "4": 75,
      "5": 120,
      "6": 487,
      "7": 332,
      "8": 0
    },
    "b": {
      "0": [
        120,
        120
      ],
      "1": [
        120,
        120
      ],
      "2": [
        487,
        0
      ],
      "3": [
        0,
        487
      ],
      "4": [
        487,
        0
      ],
      "5": [
        0,
        487
      ],
      "6": [
        487,
        0
      ],
      "7": [
        0,
        339
      ],
      "8": [
        332,
        0
      ],
      "9": [
        0,
        332
      ],
      "10": [
        332,
        0
      ],
      "11": [
        332,
        0
      ],
      "12": [
        0,
        0
      ]
    },
    "inputSourceMap": {
      "version": 3,
      "mappings": "AACA,YAAYA,gBAAgB;AAG5B,MAAM;AAAA,EAAEC;AAAY,IAAMD,WAA8BE,WAAWF;AACnE,MAAM;AAAA,EAAEG;AAAiB,IAAMH,WAA8BE,WAC3DF;AAEF,SAASI,KAAKC,MAAMC,oBAAoB;AAcxC,MAAMC,eAAiC;AAAA,EACrCC,WAAW;AAAA,EACXC,OAAO;AAAA,EACPC,aAAa;AAAA,EACbC,OAAO;AAAA,EACPC,cAAc;AAAA,EACdC,SAAS;AAAA,EACTC,OAAO;AACT;AAEO,aAAMC,aAAaZ,iBAIxB,oBAAoB,eAAgBa,GAAG;AAAA,EAAEC;AAAAA,EAAiBC;AAAS,GAAG;AACtE,QAAMN,eAAeM,SAAS,EAAEC,MAAMP;AACtC,QAAMF,cAAcQ,SAAS,EAAEC,MAAMT;AACrC,QAAMU,cAAcF,SAAS,EAAEG,OAAOD;AAEtC,MAAIE;AACJ,MAAIV,iBAAiB;AAAIU,gBAAYC,OAAOb,WAAW;AACvD,MAAIE,iBAAiB,MAAMW,OAAOb,WAAW,IAAI,MAAM;AAAGY,gBAAYC,OAAOb,WAAW,IAAI;AAC5F,MAAIE,iBAAiB,MAAMW,OAAOb,WAAW,IAAI,MAAM;AACrDY,iBAAaC,OAAOb,WAAW,IAAI,KAAK;AAE1C,QAAMc,MAAM,MAAMC,MAAO,GAAErB,OAAOC,OAAOiB,aAAahB,eAAec,aAAa;AAClF,MAAI,CAACI,IAAIE,IAAI;AACX,WAAOT,gBAAgB,eAAe;AAAA,EACxC;AACA,QAAMU,OAAO,MAAMH,IAAII,KAAK;AAC5B,SAAOD;AACT,CAAC;AAED,MAAME,aAAa5B,YAAY;AAAA,EAC7B6B,MAAM;AAAA,EACNvB;AAAAA,EACAwB,UAAU;AAAA,IACRC,QAAQC,OAAOC,QAA+B;AAC5CD,YAAMxB,QAAQyB,OAAOC;AAAAA,IACvB;AAAA,IACAC,SAASH,OAAOC,QAA+B;AAC7CD,YAAMtB,QAAQuB,OAAOC;AAAAA,IACvB;AAAA,IACAE,mBAAmBJ,OAAOC,QAA+B;AACvDD,YAAMrB,eAAesB,OAAOC;AAAAA,IAC9B;AAAA,IACAG,eAAeL,OAAOC,QAA+B;AACnDD,YAAMvB,cAAcwB,OAAOC;AAAAA,IAC7B;AAAA,EACF;AAAA,EACAI,eAAgBC,aAAY;AAC1BA,YACGC,QAAQ1B,WAAW2B,SAAUT,WAAU;AACtCA,YAAMpB,UAAU;AAChBoB,YAAMnB,QAAQ;AAAA,IAChB,CAAC,EACA2B,QAAQ1B,WAAW4B,WAAW,CAACV,OAAOC,WAAW;AAChDD,YAAMpB,UAAU;AAChB,UAAIqB,OAAOC,QAAQS,MAAM;AACvBX,cAAMxB,QAAQyB,OAAOC,QAAQS,KAAKnC;AAClCwB,cAAMtB,QAAQuB,OAAOC,QAAQS,KAAKjC;AAAAA,MACpC;AACA,UAAIuB,OAAOC,QAAQrB,OAAO;AACxBmB,cAAMzB,YAAY;AAAA,MACpB;AACA,UAAI0B,OAAOC,QAAQU,SAAS;AAC1B,cAAMC,SACJb,MAAMrB,iBAAiB,KACnB,CAAC,GAAGsB,OAAOC,QAAQU,OAAO,IAC1BtB,OAAOU,MAAMxB,KAAK,IAAI,MAAM,IAC5ByB,OAAOC,QAAQU,QAAQE,MAAM,EAAE,IAC/Bb,OAAOC,QAAQU,QAAQE,MAAM,GAAG,EAAE;AACxCd,cAAMzB,YAAYsC;AAAAA,MACpB;AAAA,IACF,CAAC,EACAL,QAAQ1B,WAAWiC,UAAU,CAACf,OAAOC,WAAW;AAC/CD,YAAMpB,UAAU;AAChBoB,YAAMnB,QAAQoB,OAAOC;AACrBF,YAAMzB,YAAY;AAAA,IACpB,CAAC;AAAA,EACL;AACF,CAAC;AAEM,aAAM;AAAA,EAAEwB;AAAAA,EAASI;AAAAA,EAAUC;AAAAA,EAAoBC;AAAe,IAAIT,WAAWoB;AACpF,eAAepB,WAAWqB",
      "names": [
        "toolkitRaw",
        "createSlice",
        "default",
        "createAsyncThunk",
        "URL",
        "PAGE",
        "SEARCH_PARAM",
        "initialState",
        "cardsList",
        "pages",
        "currentPage",
        "count",
        "cardsPerRage",
        "loading",
        "error",
        "fetchCards",
        "_",
        "rejectWithValue",
        "getState",
        "cards",
        "searchQuery",
        "search",
        "pageQuery",
        "Number",
        "res",
        "fetch",
        "ok",
        "data",
        "json",
        "cardsSlice",
        "name",
        "reducers",
        "setPage",
        "state",
        "action",
        "payload",
        "setCount",
        "changeCardsPerRage",
        "setCurrentPage",
        "extraReducers",
        "builder",
        "addCase",
        "pending",
        "fulfilled",
        "info",
        "results",
        "result",
        "slice",
        "rejected",
        "actions",
        "reducer"
      ],
      "sources": [
        "C:/Users/acer/Desktop/react-rss-app/src/store/cardsSlice.tsx"
      ],
      "file": "C:/Users/acer/Desktop/react-rss-app/src/store/cardsSlice.tsx"
    },
    "_coverageSchema": "1a1c01bbd47fc00a2c39e90264f33305004495a9",
    "hash": "5f7cd3d95e69da33f47ffef0d9721ff8d7ef19e1"
  },
  "C:/Users/acer/Desktop/react-rss-app/src/store/searchSlice.tsx": {
    "path": "C:/Users/acer/Desktop/react-rss-app/src/store/searchSlice.tsx",
    "statementMap": {
      "0": {
        "start": {
          "line": 4,
          "column": 4
        },
        "end": {
          "line": 4,
          "column": 36
        }
      },
      "1": {
        "start": {
          "line": 5,
          "column": 21
        },
        "end": {
          "line": 7,
          "column": 1
        }
      },
      "2": {
        "start": {
          "line": 8,
          "column": 20
        },
        "end": {
          "line": 16,
          "column": 2
        }
      },
      "3": {
        "start": {
          "line": 13,
          "column": 6
        },
        "end": {
          "line": 13,
          "column": 41
        }
      },
      "4": {
        "start": {
          "line": 19,
          "column": 4
        },
        "end": {
          "line": 19,
          "column": 23
        }
      }
    },
    "fnMap": {
      "0": {
        "name": "(anonymous_0)",
        "decl": {
          "start": {
            "line": 12,
            "column": 20
          },
          "end": {
            "line": 12,
            "column": 21
          }
        },
        "loc": {
          "start": {
            "line": 12,
            "column": 39
          },
          "end": {
            "line": 14,
            "column": 5
          }
        },
        "line": 12
      }
    },
    "branchMap": {
      "0": {
        "loc": {
          "start": {
            "line": 4,
            "column": 4
          },
          "end": {
            "line": 4,
            "column": 36
          }
        },
        "type": "binary-expr",
        "locations": [
          {
            "start": {
              "line": 4,
              "column": 4
            },
            "end": {
              "line": 4,
              "column": 22
            }
          },
          {
            "start": {
              "line": 4,
              "column": 26
            },
            "end": {
              "line": 4,
              "column": 36
            }
          }
        ],
        "line": 4
      }
    },
    "s": {
      "0": 120,
      "1": 120,
      "2": 120,
      "3": 75,
      "4": 120
    },
    "f": {
      "0": 75
    },
    "b": {
      "0": [
        120,
        120
      ]
    },
    "inputSourceMap": {
      "version": 3,
      "mappings": "AACA,YAAYA,gBAAgB;AAG5B,MAAM;AAAA,EAAEC;AAAY,IAAMD,WAA8BE,WAAWF;AAMnE,MAAMG,eAA4B;AAAA,EAChCC,aAAa;AACf;AAEA,MAAMC,cAAcJ,YAAY;AAAA,EAC9BK,MAAM;AAAA,EACNH;AAAAA,EACAI,UAAU;AAAA,IACRC,gBAAgBA,CAACC,OAAOC,WAAkC;AACxDD,YAAML,cAAcM,OAAOC;AAAAA,IAC7B;AAAA,EACF;AACF,CAAC;AAEM,aAAM;AAAA,EAAEH;AAAe,IAAIH,YAAYO;AAE9C,eAAeP,YAAYQ",
      "names": [
        "toolkitRaw",
        "createSlice",
        "default",
        "initialState",
        "searchQuery",
        "searchSlice",
        "name",
        "reducers",
        "setSearchQuery",
        "state",
        "action",
        "payload",
        "actions",
        "reducer"
      ],
      "sources": [
        "C:/Users/acer/Desktop/react-rss-app/src/store/searchSlice.tsx"
      ],
      "file": "C:/Users/acer/Desktop/react-rss-app/src/store/searchSlice.tsx"
    },
    "_coverageSchema": "1a1c01bbd47fc00a2c39e90264f33305004495a9",
    "hash": "4e6363cd579273f39c036557ad88ae04363dc5de"
  },
  "C:/Users/acer/Desktop/react-rss-app/src/pages/HomePage.tsx": {
    "path": "C:/Users/acer/Desktop/react-rss-app/src/pages/HomePage.tsx",
    "statementMap": {
      "0": {
        "start": {
          "line": 5,
          "column": 0
        },
        "end": {
          "line": 15,
          "column": 1
        }
      },
      "1": {
        "start": {
          "line": 6,
          "column": 2
        },
        "end": {
          "line": 8,
          "column": 3
        }
      },
      "2": {
        "start": {
          "line": 7,
[...]
      ],
      "file": "C:/Users/acer/Desktop/react-rss-app/src/components/ModalCard.tsx"
    },
    "_coverageSchema": "1a1c01bbd47fc00a2c39e90264f33305004495a9",
    "hash": "87a683a0ebaac18e6e4d5e429380adbc1cd567cb"
  },
  "C:/Users/acer/Desktop/react-rss-app/src/components/Cards.tsx": {
    "path": "C:/Users/acer/Desktop/react-rss-app/src/components/Cards.tsx",
    "statementMap": {
      "0": {
        "start": {
          "line": 5,
          "column": 0
        },
        "end": {
          "line": 15,
          "column": 1
        }
      },
      "1": {
        "start": {
          "line": 6,
          "column": 2
        },
        "end": {
          "line": 8,
          "column": 3
        }
      },
      "2": {
        "start": {
          "line": 7,
          "column": 4
        },
        "end": {
          "line": 7,
          "column": 165
        }
      },
      "3": {
        "start": {
          "line": 9,
          "column": 2
        },
        "end": {
          "line": 9,
          "column": 39
        }
      },
      "4": {
        "start": {
          "line": 10,
          "column": 2
        },
        "end": {
          "line": 10,
          "column": 39
        }
      },
      "5": {
        "start": {
          "line": 11,
          "column": 2
        },
        "end": {
          "line": 13,
          "column": 4
        }
      },
      "6": {
        "start": {
          "line": 12,
          "column": 4
        },
        "end": {
          "line": 12,
          "column": 104
        }
      },
      "7": {
        "start": {
          "line": 14,
          "column": 2
        },
        "end": {
          "line": 14,
          "column": 75
        }
      },
      "8": {
        "start": {
          "line": 16,
          "column": 9
        },
        "end": {
          "line": 16,
          "column": 23
        }
      },
      "9": {
        "start": {
          "line": 21,
          "column": 14
        },
        "end": {
          "line": 53,
          "column": 1
        }
      },
      "10": {
        "start": {
          "line": 22,
          "column": 2
        },
        "end": {
          "line": 22,
          "column": 7
        }
      },
      "11": {
        "start": {
          "line": 23,
          "column": 20
        },
        "end": {
          "line": 23,
          "column": 38
        }
      },
      "12": {
        "start": {
          "line": 24,
          "column": 32
        },
        "end": {
          "line": 24,
          "column": 47
        }
      },
      "13": {
        "start": {
          "line": 25,
          "column": 26
        },
        "end": {
          "line": 25,
          "column": 40
        }
      },
      "14": {
        "start": {
          "line": 26,
          "column": 18
        },
        "end": {
          "line": 29,
          "column": 3
        }
      },
      "15": {
        "start": {
          "line": 27,
          "column": 4
        },
        "end": {
          "line": 27,
          "column": 22
        }
      },
      "16": {
        "start": {
          "line": 28,
          "column": 4
        },
        "end": {
          "line": 28,
          "column": 18
        }
      },
      "17": {
        "start": {
          "line": 30,
          "column": 2
        },
        "end": {
          "line": 52,
          "column": 11
        }
      },
      "18": {
        "start": {
          "line": 31,
          "column": 129
        },
        "end": {
          "line": 38,
          "column": 12
        }
      },
      "19": {
        "start": {
          "line": 32,
          "column": 6
        },
        "end": {
          "line": 32,
          "column": 23
        }
      },
      "20": {
        "start": {
          "line": 33,
          "column": 6
        },
        "end": {
          "line": 33,
          "column": 20
        }
      },
      "21": {
        "start": {
          "line": 54,
          "column": 0
        },
        "end": {
          "line": 54,
          "column": 42
        }
      },
      "22": {
        "start": {
          "line": 55,
          "column": 0
        },
        "end": {
          "line": 55,
          "column": 11
        }
      },
      "23": {
        "start": {
          "line": 58,
          "column": 0
        },
        "end": {
          "line": 58,
          "column": 26
        }
      },
      "24": {
        "start": {
          "line": 59,
          "column": 0
        },
        "end": {
          "line": 75,
          "column": 1
        }
      },
      "25": {
        "start": {
          "line": 60,
          "column": 2
        },
        "end": {
          "line": 60,
          "column": 39
        }
      },
      "26": {
        "start": {
          "line": 61,
          "column": 2
        },
        "end": {
          "line": 61,
          "column": 39
        }
      },
      "27": {
        "start": {
          "line": 62,
          "column": 2
        },
        "end": {
          "line": 74,
          "column": 5
        }
      },
      "28": {
        "start": {
          "line": 66,
          "column": 4
        },
        "end": {
          "line": 66,
          "column": 130
        }
      },
      "29": {
        "start": {
          "line": 67,
          "column": 4
        },
        "end": {
          "line": 73,
          "column": 7
        }
      },
      "30": {
        "start": {
          "line": 68,
          "column": 6
        },
        "end": {
          "line": 69,
          "column": 15
        }
      },
      "31": {
        "start": {
          "line": 69,
          "column": 8
        },
        "end": {
          "line": 69,
          "column": 15
        }
      },
      "32": {
        "start": {
          "line": 70,
          "column": 32
        },
        "end": {
          "line": 70,
          "column": 115
        }
      },
      "33": {
        "start": {
          "line": 71,
          "column": 6
        },
        "end": {
          "line": 72,
          "column": 54
        }
      },
      "34": {
        "start": {
          "line": 72,
          "column": 8
        },
        "end": {
          "line": 72,
          "column": 54
        }
      }
    },
    "fnMap": {
      "0": {
        "name": "(anonymous_0)",
        "decl": {
          "start": {
            "line": 11,
            "column": 24
          },
          "end": {
            "line": 11,
            "column": 25
          }
        },
        "loc": {
          "start": {
            "line": 11,
            "column": 38
          },
          "end": {
            "line": 13,
            "column": 3
          }
        },
        "line": 11
      },
      "1": {
        "name": "(anonymous_1)",
        "decl": {
          "start": {
            "line": 21,
            "column": 14
          },
          "end": {
            "line": 21,
            "column": 15
          }
        },
        "loc": {
          "start": {
            "line": 21,
            "column": 28
          },
          "end": {
            "line": 53,
            "column": 1
          }
        },
        "line": 21
      },
      "2": {
        "name": "(anonymous_2)",
        "decl": {
          "start": {
            "line": 26,
            "column": 18
          },
          "end": {
            "line": 26,
            "column": 19
          }
        },
        "loc": {
          "start": {
            "line": 26,
            "column": 24
          },
          "end": {
            "line": 29,
            "column": 3
          }
        },
        "line": 26
      },
      "3": {
        "name": "(anonymous_3)",
        "decl": {
          "start": {
            "line": 31,
            "column": 103
          },
          "end": {
            "line": 31,
            "column": 104
          }
        },
        "loc": {
          "start": {
            "line": 31,
            "column": 129
          },
          "end": {
            "line": 38,
            "column": 12
          }
        },
        "line": 31
      },
      "4": {
        "name": "(anonymous_4)",
        "decl": {
          "start": {
            "line": 31,
            "column": 165
          },
          "end": {
            "line": 31,
            "column": 166
          }
        },
        "loc": {
          "start": {
            "line": 31,
            "column": 171
          },
          "end": {
            "line": 34,
            "column": 5
          }
        },
        "line": 31
      },
      "5": {
        "name": "(anonymous_5)",
        "decl": {
          "start": {
            "line": 65,
            "column": 9
          },
          "end": {
            "line": 65,
            "column": 10
          }
        },
        "loc": {
          "start": {
            "line": 65,
            "column": 29
          },
          "end": {
            "line": 74,
            "column": 3
          }
        },
        "line": 65
      },
      "6": {
        "name": "(anonymous_6)",
        "decl": {
          "start": {
            "line": 67,
            "column": 27
          },
          "end": {
            "line": 67,
            "column": 28
          }
        },
        "loc": {
          "start": {
            "line": 67,
            "column": 44
          },
          "end": {
            "line": 73,
            "column": 5
          }
        },
        "line": 67
      }
    },
    "branchMap": {
      "0": {
        "loc": {
          "start": {
            "line": 5,
            "column": 0
          },
          "end": {
            "line": 15,
            "column": 1
          }
        },
        "type": "if",
        "locations": [
          {
            "start": {
              "line": 5,
              "column": 0
            },
            "end": {
              "line": 15,
              "column": 1
            }
          },
          {
            "start": {},
            "end": {}
          }
        ],
        "line": 5
      },
      "1": {
        "loc": {
          "start": {
            "line": 6,
            "column": 2
          },
          "end": {
            "line": 8,
            "column": 3
          }
        },
        "type": "if",
        "locations": [
          {
            "start": {
              "line": 6,
              "column": 2
            },
            "end": {
              "line": 8,
              "column": 3
            }
          },
          {
            "start": {},
            "end": {}
          }
        ],
        "line": 6
      },
      "2": {
        "loc": {
          "start": {
            "line": 43,
            "column": 4
          },
          "end": {
            "line": 47,
            "column": 12
          }
        },
        "type": "binary-expr",
        "locations": [
          {
            "start": {
              "line": 43,
              "column": 4
            },
            "end": {
              "line": 43,
              "column": 8
            }
          },
          {
            "start": {
              "line": 43,
              "column": 28
            },
            "end": {
              "line": 47,
              "column": 12
            }
          }
        ],
        "line": 43
      },
      "3": {
        "loc": {
          "start": {
            "line": 59,
            "column": 0
          },
          "end": {
            "line": 75,
            "column": 1
          }
        },
        "type": "if",
        "locations": [
          {
            "start": {
              "line": 59,
              "column": 0
            },
            "end": {
              "line": 75,
              "column": 1
            }
          },
          {
            "start": {},
            "end": {}
          }
        ],
        "line": 59
      },
      "4": {
        "loc": {
          "start": {
            "line": 68,
            "column": 6
          },
          "end": {
            "line": 69,
            "column": 15
          }
        },
        "type": "if",
        "locations": [
          {
            "start": {
              "line": 68,
              "column": 6
            },
            "end": {
              "line": 69,
              "column": 15
            }
          },
          {
            "start": {},
            "end": {}
          }
        ],
        "line": 68
      },
      "5": {
        "loc": {
          "start": {
            "line": 71,
            "column": 6
          },
          "end": {
            "line": 72,
            "column": 54
          }
        },
        "type": "if",
        "locations": [
          {
            "start": {
              "line": 71,
              "column": 6
            },
            "end": {
              "line": 72,
              "column": 54
            }
          },
          {
            "start": {},
            "end": {}
          }
        ],
        "line": 71
      }
    },
    "s": {
      "0": 84,
      "1": 84,
      "2": 0,
      "3": 84,
      "4": 84,
      "5": 84,
      "6": 84,
      "7": 84,
      "8": 84,
      "9": 84,
      "10": 618,
      "11": 618,
      "12": 618,
      "13": 618,
      "14": 618,
      "15": 44,
      "16": 44,
      "17": 618,
      "18": 12360,
      "19": 40,
      "20": 40,
      "21": 84,
      "22": 84,
      "23": 84,
      "24": 84,
      "25": 84,
      "26": 84,
      "27": 84,
      "28": 84,
      "29": 84,
      "30": 0,
      "31": 0,
      "32": 0,
      "33": 0,
      "34": 0
    },
    "f": {
      "0": 84,
      "1": 618,
      "2": 44,
      "3": 12360,
      "4": 40,
      "5": 84,
      "6": 0
    },
    "b": {
      "0": [
        84,
        0
      ],
      "1": [
        0,
        84
      ],
      "2": [
        618,
        168
      ],
      "3": [
        84,
        0
      ],
      "4": [
        0,
        0
      ],
      "5": [
        0,
        0
      ]
    },
    "inputSourceMap": {
      "version": 3,
      "mappings": "AAkBU;;;;;;;;;;;;;;;;AAlBV,SAAgBA,gBAAgB;AAEhC,OAAOC,UAAU;AACjB,OAAO;AACP,OAAOC,eAAe;AAEtB,MAAMC,QAA+BC,cAAa;AAAAC,KAAA;AAChD,QAAMC,YAAYF,SAASE;AAC3B,QAAM,CAACC,SAASC,UAAU,IAAIR,SAAS,KAAK;AAC5C,QAAM,CAACS,MAAMC,OAAO,IAAIV,SAA2B,IAAI;AACvD,QAAMW,UAAUA,MAAM;AACpBH,eAAW,KAAK;AAChBE,YAAQ,IAAI;AAAA,EACd;AACA,SACE,uBAAC,SACC;AAAA,2BAAC,SAAI,MAAM,QAAQ,WAAU,kBAC1BJ,oBAAUM,IAAI,CAACC,SACd,uBAAC,QACC,MAAMA,MAEN,SAAS,MAAM;AACbL,iBAAW,IAAI;AACfE,cAAQG,IAAI;AAAA,IACd,KAJKA,KAAKC,IAFZ;AAAA;AAAA;AAAA;AAAA,WAMI,CAEL,KAVH;AAAA;AAAA;AAAA;AAAA,WAWA;AAAA,IACCL,QAAQ,uBAAC,aAAU,SAASF,SAAS,SAAkB,MAAME,QAArD;AAAA;AAAA;AAAA;AAAA,WAA2D;AAAA,OAbtE;AAAA;AAAA;AAAA;AAAA,SAcA;AAEJ;AAAEJ,GAzBIF,OAA2B;AAAAY,KAA3BZ;AA2BN,eAAeA;AAAM,IAAAY;AAAAC,aAAAD,IAAA",
      "names": [
        "useState",
        "Card",
        "ModalCard",
        "Cards",
        "cardData",
        "_s",
        "cardsList",
        "isModal",
        "setIsModal",
        "card",
        "setCard",
        "onClose",
        "map",
        "item",
        "id",
        "_c",
        "$RefreshReg$"
      ],
      "sources": [
        "C:/Users/acer/Desktop/react-rss-app/src/components/Cards.tsx"
      ],
      "file": "C:/Users/acer/Desktop/react-rss-app/src/components/Cards.tsx"
    },
    "_coverageSchema": "1a1c01bbd47fc00a2c39e90264f33305004495a9",
    "hash": "c1abb64dcb83da77fd4e269cb10b02954f931224"
  },
  "C:/Users/acer/Desktop/react-rss-app/src/entry-server.tsx": {
    "path": "C:/Users/acer/Desktop/react-rss-app/src/entry-server.tsx",
    "statementMap": {},
    "fnMap": {},
    "branchMap": {},
    "s": {},
    "f": {},
    "b": {}
  },
  "C:/Users/acer/Desktop/react-rss-app/src/model/interfases.tsx": {
    "path": "C:/Users/acer/Desktop/react-rss-app/src/model/interfases.tsx",
    "statementMap": {},
    "fnMap": {},
    "branchMap": {},
    "s": {},
    "f": {},
    "b": {}
  },
  "C:/Users/acer/Desktop/react-rss-app/src/test/about.test.tsx": {
    "path": "C:/Users/acer/Desktop/react-rss-app/src/test/about.test.tsx",
    "statementMap": {},
    "fnMap": {},
    "branchMap": {},
    "s": {},
    "f": {},
    "b": {}
  },
  "C:/Users/acer/Desktop/react-rss-app/src/test/App.test.tsx": {
    "path": "C:/Users/acer/Desktop/react-rss-app/src/test/App.test.tsx",
    "statementMap": {},
    "fnMap": {},
    "branchMap": {},
    "s": {},
    "f": {},
    "b": {}
  },
  "C:/Users/acer/Desktop/react-rss-app/src/test/card.test.tsx": {
    "path": "C:/Users/acer/Desktop/react-rss-app/src/test/card.test.tsx",
    "statementMap": {},
    "fnMap": {},
    "branchMap": {},
    "s": {},
    "f": {},
    "b": {}
  },
  "C:/Users/acer/Desktop/react-rss-app/src/test/cards.test.tsx": {
    "path": "C:/Users/acer/Desktop/react-rss-app/src/test/cards.test.tsx",
    "statementMap": {},
    "fnMap": {},
    "branchMap": {},
    "s": {},
    "f": {},
    "b": {}
  },
  "C:/Users/acer/Desktop/react-rss-app/src/test/cardsSlice.test.tsx": {
    "path": "C:/Users/acer/Desktop/react-rss-app/src/test/cardsSlice.test.tsx",
    "statementMap": {},
    "fnMap": {},
    "branchMap": {},
    "s": {},
    "f": {},
    "b": {}
  },
  "C:/Users/acer/Desktop/react-rss-app/src/test/form.test.tsx": {
    "path": "C:/Users/acer/Desktop/react-rss-app/src/test/form.test.tsx",
    "statementMap": {},
    "fnMap": {},
    "branchMap": {},
    "s": {},
    "f": {},
    "b": {}
  },
  "C:/Users/acer/Desktop/react-rss-app/src/test/formCard.test.tsx": {
    "path": "C:/Users/acer/Desktop/react-rss-app/src/test/formCard.test.tsx",
    "statementMap": {},
    "fnMap": {},
    "branchMap": {},
    "s": {},
    "f": {},
    "b": {}
  },
  "C:/Users/acer/Desktop/react-rss-app/src/test/formPage.test.tsx": {
    "path": "C:/Users/acer/Desktop/react-rss-app/src/test/formPage.test.tsx",
    "statementMap": {},
    "fnMap": {},
    "branchMap": {},
    "s": {},
    "f": {},
    "b": {}
  },
  "C:/Users/acer/Desktop/react-rss-app/src/test/formSlice.test.tsx": {
    "path": "C:/Users/acer/Desktop/react-rss-app/src/test/formSlice.test.tsx",
    "statementMap": {},
    "fnMap": {},
    "branchMap": {},
    "s": {},
    "f": {},
    "b": {}
  },
  "C:/Users/acer/Desktop/react-rss-app/src/test/homePage.test.tsx": {
    "path": "C:/Users/acer/Desktop/react-rss-app/src/test/homePage.test.tsx",
    "statementMap": {},
    "fnMap": {},
    "branchMap": {},
    "s": {},
    "f": {},
    "b": {}
  },
  "C:/Users/acer/Desktop/react-rss-app/src/test/modalCard.test.tsx": {
    "path": "C:/Users/acer/Desktop/react-rss-app/src/test/modalCard.test.tsx",
    "statementMap": {},
    "fnMap": {},
    "branchMap": {},
    "s": {},
    "f": {},
    "b": {}
  },
  "C:/Users/acer/Desktop/react-rss-app/src/test/navigation.test.tsx": {
    "path": "C:/Users/acer/Desktop/react-rss-app/src/test/navigation.test.tsx",
    "statementMap": {},
    "fnMap": {},
    "branchMap": {},
    "s": {},
    "f": {},
    "b": {}
  },
  "C:/Users/acer/Desktop/react-rss-app/src/test/notFound.test.tsx": {
    "path": "C:/Users/acer/Desktop/react-rss-app/src/test/notFound.test.tsx",
    "statementMap": {},
    "fnMap": {},
    "branchMap": {},
    "s": {},
    "f": {},
    "b": {}
  },
  "C:/Users/acer/Desktop/react-rss-app/src/test/pagination.test.tsx": {
    "path": "C:/Users/acer/Desktop/react-rss-app/src/test/pagination.test.tsx",
    "statementMap": {},
    "fnMap": {},
    "branchMap": {},
    "s": {},
    "f": {},
    "b": {}
  },
  "C:/Users/acer/Desktop/react-rss-app/src/test/search.test.tsx": {
    "path": "C:/Users/acer/Desktop/react-rss-app/src/test/search.test.tsx",
    "statementMap": {},
    "fnMap": {},
    "branchMap": {},
    "s": {},
    "f": {},
    "b": {}
  },
  "C:/Users/acer/Desktop/react-rss-app/src/test/searchSlice.test.tsx": {
    "path": "C:/Users/acer/Desktop/react-rss-app/src/test/searchSlice.test.tsx",
    "statementMap": {},
    "fnMap": {},
    "branchMap": {},
    "s": {},
    "f": {},
    "b": {}
  }
}
